<?xml version="1.0" encoding="UTF-8"?>
<coverage generated="1727518891699" clover="3.2.0">
  <project timestamp="1727518891699" name="All files">
    <metrics statements="62" coveredstatements="56" conditionals="10" coveredconditionals="7" methods="25" coveredmethods="20" elements="97" coveredelements="83" complexity="0" loc="62" ncloc="62" packages="2" files="11" classes="11"/>
    <package name="components">
      <metrics statements="44" coveredstatements="43" conditionals="10" coveredconditionals="7" methods="18" coveredmethods="18"/>
      <file name="Body.js" path="/Users/ajaychaudhary/Documents/Ajay/namaste-react/src/components/Body.js">
        <metrics statements="24" coveredstatements="23" conditionals="6" coveredconditionals="5" methods="9" coveredmethods="9"/>
        <line num="9" count="1" type="stmt"/>
        <line num="10" count="7" type="stmt"/>
        <line num="11" count="7" type="stmt"/>
        <line num="13" count="7" type="stmt"/>
        <line num="15" count="7" type="stmt"/>
        <line num="19" count="7" type="stmt"/>
        <line num="20" count="2" type="stmt"/>
        <line num="23" count="7" type="stmt"/>
        <line num="24" count="2" type="stmt"/>
        <line num="28" count="2" type="stmt"/>
        <line num="31" count="2" type="stmt"/>
        <line num="34" count="2" type="stmt"/>
        <line num="39" count="7" type="stmt"/>
        <line num="41" count="7" type="cond" truecount="1" falsecount="1"/>
        <line num="42" count="0" type="stmt"/>
        <line num="50" count="7" type="cond" truecount="2" falsecount="0"/>
        <line num="62" count="1" type="stmt"/>
        <line num="68" count="1" type="stmt"/>
        <line num="69" count="20" type="stmt"/>
        <line num="72" count="1" type="stmt"/>
        <line num="82" count="1" type="stmt"/>
        <line num="83" count="20" type="stmt"/>
        <line num="86" count="1" type="stmt"/>
        <line num="105" count="74" type="stmt"/>
      </file>
      <file name="Contact.js" path="/Users/ajaychaudhary/Documents/Ajay/namaste-react/src/components/Contact.js">
        <metrics statements="2" coveredstatements="2" conditionals="0" coveredconditionals="0" methods="1" coveredmethods="1"/>
        <line num="1" count="1" type="stmt"/>
        <line num="2" count="4" type="stmt"/>
      </file>
      <file name="Header.js" path="/Users/ajaychaudhary/Documents/Ajay/namaste-react/src/components/Header.js">
        <metrics statements="7" coveredstatements="7" conditionals="4" coveredconditionals="2" methods="3" coveredmethods="3"/>
        <line num="11" count="1" type="stmt"/>
        <line num="12" count="5" type="stmt"/>
        <line num="14" count="5" type="stmt"/>
        <line num="16" count="5" type="stmt"/>
        <line num="19" count="9" type="stmt"/>
        <line num="23" count="5" type="stmt"/>
        <line num="38" count="1" type="cond" truecount="1" falsecount="1"/>
      </file>
      <file name="RestaurantCard.js" path="/Users/ajaychaudhary/Documents/Ajay/namaste-react/src/components/RestaurantCard.js">
        <metrics statements="7" coveredstatements="7" conditionals="0" coveredconditionals="0" methods="3" coveredmethods="3"/>
        <line num="4" count="2" type="stmt"/>
        <line num="5" count="75" type="stmt"/>
        <line num="7" count="75" type="stmt"/>
        <line num="8" count="75" type="stmt"/>
        <line num="30" count="2" type="stmt"/>
        <line num="31" count="7" type="stmt"/>
        <line num="32" count="16" type="stmt"/>
      </file>
      <file name="Shimmer.js" path="/Users/ajaychaudhary/Documents/Ajay/namaste-react/src/components/Shimmer.js">
        <metrics statements="2" coveredstatements="2" conditionals="0" coveredconditionals="0" methods="1" coveredmethods="1"/>
        <line num="1" count="1" type="stmt"/>
        <line num="2" count="2" type="stmt"/>
      </file>
      <file name="sum.js" path="/Users/ajaychaudhary/Documents/Ajay/namaste-react/src/components/sum.js">
        <metrics statements="2" coveredstatements="2" conditionals="0" coveredconditionals="0" methods="1" coveredmethods="1"/>
        <line num="1" count="1" type="stmt"/>
        <line num="2" count="1" type="stmt"/>
      </file>
    </package>
    <package name="utils">
      <metrics statements="18" coveredstatements="13" conditionals="0" coveredconditionals="0" methods="7" coveredmethods="2"/>
      <file name="UserContext.js" path="/Users/ajaychaudhary/Documents/Ajay/namaste-react/src/utils/UserContext.js">
        <metrics statements="1" coveredstatements="1" conditionals="0" coveredconditionals="0" methods="0" coveredmethods="0"/>
        <line num="4" count="1" type="stmt"/>
      </file>
      <file name="appStore.js" path="/Users/ajaychaudhary/Documents/Ajay/namaste-react/src/utils/appStore.js">
        <metrics statements="2" coveredstatements="2" conditionals="0" coveredconditionals="0" methods="0" coveredmethods="0"/>
        <line num="1" count="1" type="stmt"/>
        <line num="5" count="1" type="stmt"/>
      </file>
      <file name="cartSlice.js" path="/Users/ajaychaudhary/Documents/Ajay/namaste-react/src/utils/cartSlice.js">
        <metrics statements="5" coveredstatements="2" conditionals="0" coveredconditionals="0" methods="3" coveredmethods="0"/>
        <line num="4" count="1" type="stmt"/>
        <line num="19" count="0" type="stmt"/>
        <line num="22" count="0" type="stmt"/>
        <line num="30" count="0" type="stmt"/>
        <line num="35" count="1" type="stmt"/>
      </file>
      <file name="constant.js" path="/Users/ajaychaudhary/Documents/Ajay/namaste-react/src/utils/constant.js">
        <metrics statements="2" coveredstatements="2" conditionals="0" coveredconditionals="0" methods="0" coveredmethods="0"/>
        <line num="1" count="2" type="stmt"/>
        <line num="3" count="2" type="stmt"/>
      </file>
      <file name="useOnlineStatus.js" path="/Users/ajaychaudhary/Documents/Ajay/namaste-react/src/utils/useOnlineStatus.js">
        <metrics statements="8" coveredstatements="6" conditionals="0" coveredconditionals="0" methods="4" coveredmethods="2"/>
        <line num="4" count="2" type="stmt"/>
        <line num="5" count="12" type="stmt"/>
        <line num="7" count="12" type="stmt"/>
        <line num="8" count="6" type="stmt"/>
        <line num="9" count="0" type="stmt"/>
        <line num="12" count="6" type="stmt"/>
        <line num="13" count="0" type="stmt"/>
        <line num="18" count="12" type="stmt"/>
      </file>
    </package>
  </project>
</coverage>
