{"D:\\Ajay\\namaste-react\\src\\components\\Body.js": {"path":"D:\\Ajay\\namaste-react\\src\\components\\Body.js","statementMap":{"0":{"start":{"line":9,"column":13},"end":{"line":123,"column":1}},"1":{"start":{"line":10,"column":52},"end":{"line":10,"column":64}},"2":{"start":{"line":11,"column":54},"end":{"line":11,"column":66}},"3":{"start":{"line":13,"column":38},"end":{"line":13,"column":50}},"4":{"start":{"line":15,"column":31},"end":{"line":15,"column":57}},"5":{"start":{"line":19,"column":2},"end":{"line":21,"column":9}},"6":{"start":{"line":20,"column":4},"end":{"line":20,"column":16}},"7":{"start":{"line":23,"column":20},"end":{"line":42,"column":3}},"8":{"start":{"line":24,"column":17},"end":{"line":31,"column":5}},"9":{"start":{"line":33,"column":17},"end":{"line":33,"column":34}},"10":{"start":{"line":36,"column":4},"end":{"line":38,"column":6}},"11":{"start":{"line":39,"column":4},"end":{"line":41,"column":6}},"12":{"start":{"line":44,"column":23},"end":{"line":44,"column":40}},"13":{"start":{"line":46,"column":2},"end":{"line":49,"column":6}},"14":{"start":{"line":47,"column":4},"end":{"line":49,"column":6}},"15":{"start":{"line":54,"column":2},"end":{"line":122,"column":4}},"16":{"start":{"line":66,"column":14},"end":{"line":66,"column":44}},"17":{"start":{"line":72,"column":41},"end":{"line":74,"column":15}},"18":{"start":{"line":73,"column":16},"end":{"line":73,"column":78}},"19":{"start":{"line":76,"column":14},"end":{"line":76,"column":56}},"20":{"start":{"line":86,"column":35},"end":{"line":88,"column":15}},"21":{"start":{"line":87,"column":25},"end":{"line":87,"column":49}},"22":{"start":{"line":90,"column":14},"end":{"line":90,"column":50}},"23":{"start":{"line":109,"column":10},"end":{"line":118,"column":17}}},"fnMap":{"0":{"name":"(anonymous_0)","decl":{"start":{"line":9,"column":13},"end":{"line":9,"column":14}},"loc":{"start":{"line":9,"column":19},"end":{"line":123,"column":1}},"line":9},"1":{"name":"(anonymous_1)","decl":{"start":{"line":19,"column":12},"end":{"line":19,"column":13}},"loc":{"start":{"line":19,"column":18},"end":{"line":21,"column":3}},"line":19},"2":{"name":"(anonymous_2)","decl":{"start":{"line":23,"column":20},"end":{"line":23,"column":21}},"loc":{"start":{"line":23,"column":32},"end":{"line":42,"column":3}},"line":23},"3":{"name":"(anonymous_3)","decl":{"start":{"line":65,"column":22},"end":{"line":65,"column":23}},"loc":{"start":{"line":65,"column":29},"end":{"line":67,"column":13}},"line":65},"4":{"name":"(anonymous_4)","decl":{"start":{"line":71,"column":21},"end":{"line":71,"column":22}},"loc":{"start":{"line":71,"column":27},"end":{"line":77,"column":13}},"line":71},"5":{"name":"(anonymous_5)","decl":{"start":{"line":72,"column":66},"end":{"line":72,"column":67}},"loc":{"start":{"line":73,"column":16},"end":{"line":73,"column":78}},"line":73},"6":{"name":"(anonymous_6)","decl":{"start":{"line":85,"column":21},"end":{"line":85,"column":22}},"loc":{"start":{"line":85,"column":27},"end":{"line":91,"column":13}},"line":85},"7":{"name":"(anonymous_7)","decl":{"start":{"line":87,"column":16},"end":{"line":87,"column":17}},"loc":{"start":{"line":87,"column":25},"end":{"line":87,"column":49}},"line":87},"8":{"name":"(anonymous_8)","decl":{"start":{"line":108,"column":32},"end":{"line":108,"column":33}},"loc":{"start":{"line":109,"column":10},"end":{"line":118,"column":17}},"line":109}},"branchMap":{"0":{"loc":{"start":{"line":46,"column":2},"end":{"line":49,"column":6}},"type":"if","locations":[{"start":{"line":46,"column":2},"end":{"line":49,"column":6}},{"start":{},"end":{}}],"line":46},"1":{"loc":{"start":{"line":54,"column":9},"end":{"line":122,"column":3}},"type":"cond-expr","locations":[{"start":{"line":55,"column":4},"end":{"line":55,"column":15}},{"start":{"line":57,"column":4},"end":{"line":121,"column":10}}],"line":54},"2":{"loc":{"start":{"line":113,"column":13},"end":{"line":117,"column":13}},"type":"cond-expr","locations":[{"start":{"line":114,"column":14},"end":{"line":114,"column":59}},{"start":{"line":116,"column":14},"end":{"line":116,"column":53}}],"line":113}},"s":{"0":1,"1":2,"2":2,"3":2,"4":2,"5":2,"6":2,"7":2,"8":2,"9":2,"10":2,"11":0,"12":2,"13":2,"14":0,"15":2,"16":0,"17":0,"18":0,"19":0,"20":0,"21":0,"22":0,"23":0},"f":{"0":2,"1":2,"2":2,"3":0,"4":0,"5":0,"6":0,"7":0,"8":0},"b":{"0":[0,2],"1":[2,0],"2":[0,0]},"_coverageSchema":"1a1c01bbd47fc00a2c39e90264f33305004495a9","hash":"e75932eddfdfa13fff8830326282b156fd7d24a7"}
,"D:\\Ajay\\namaste-react\\src\\components\\Contact.js": {"path":"D:\\Ajay\\namaste-react\\src\\components\\Contact.js","statementMap":{"0":{"start":{"line":1,"column":16},"end":{"line":22,"column":1}},"1":{"start":{"line":2,"column":4},"end":{"line":21,"column":5}}},"fnMap":{"0":{"name":"(anonymous_0)","decl":{"start":{"line":1,"column":16},"end":{"line":1,"column":17}},"loc":{"start":{"line":1,"column":22},"end":{"line":22,"column":1}},"line":1}},"branchMap":{},"s":{"0":1,"1":4},"f":{"0":4},"b":{},"_coverageSchema":"1a1c01bbd47fc00a2c39e90264f33305004495a9","hash":"bdfc7f7d5ae9b7043a07642bba0fd69141f221d6"}
,"D:\\Ajay\\namaste-react\\src\\components\\Header.js": {"path":"D:\\Ajay\\namaste-react\\src\\components\\Header.js","statementMap":{"0":{"start":{"line":11,"column":15},"end":{"line":48,"column":1}},"1":{"start":{"line":12,"column":34},"end":{"line":12,"column":51}},"2":{"start":{"line":14,"column":25},"end":{"line":14,"column":42}},"3":{"start":{"line":16,"column":29},"end":{"line":16,"column":52}},"4":{"start":{"line":19,"column":22},"end":{"line":19,"column":62}},"5":{"start":{"line":19,"column":45},"end":{"line":19,"column":61}},"6":{"start":{"line":23,"column":4},"end":{"line":47,"column":5}},"7":{"start":{"line":38,"column":28},"end":{"line":40,"column":53}}},"fnMap":{"0":{"name":"(anonymous_0)","decl":{"start":{"line":11,"column":15},"end":{"line":11,"column":16}},"loc":{"start":{"line":11,"column":21},"end":{"line":48,"column":1}},"line":11},"1":{"name":"(anonymous_1)","decl":{"start":{"line":19,"column":34},"end":{"line":19,"column":35}},"loc":{"start":{"line":19,"column":45},"end":{"line":19,"column":61}},"line":19},"2":{"name":"(anonymous_2)","decl":{"start":{"line":37,"column":33},"end":{"line":37,"column":34}},"loc":{"start":{"line":37,"column":39},"end":{"line":41,"column":25}},"line":37}},"branchMap":{"0":{"loc":{"start":{"line":30,"column":57},"end":{"line":30,"column":82}},"type":"cond-expr","locations":[{"start":{"line":30,"column":72},"end":{"line":30,"column":75}},{"start":{"line":30,"column":78},"end":{"line":30,"column":82}}],"line":30},"1":{"loc":{"start":{"line":38,"column":28},"end":{"line":40,"column":53}},"type":"cond-expr","locations":[{"start":{"line":39,"column":34},"end":{"line":39,"column":54}},{"start":{"line":40,"column":34},"end":{"line":40,"column":53}}],"line":38}},"s":{"0":1,"1":5,"2":5,"3":5,"4":5,"5":9,"6":5,"7":1},"f":{"0":5,"1":9,"2":1},"b":{"0":[5,0],"1":[1,0]},"_coverageSchema":"1a1c01bbd47fc00a2c39e90264f33305004495a9","hash":"6a06a3d72d0b8b45b0bd6761cf2b6048132da40a"}
,"D:\\Ajay\\namaste-react\\src\\components\\RestaurantCard.js": {"path":"D:\\Ajay\\namaste-react\\src\\components\\RestaurantCard.js","statementMap":{"0":{"start":{"line":4,"column":23},"end":{"line":23,"column":1}},"1":{"start":{"line":5,"column":24},"end":{"line":5,"column":29}},"2":{"start":{"line":7,"column":59},"end":{"line":7,"column":72}},"3":{"start":{"line":8,"column":4},"end":{"line":22,"column":5}},"4":{"start":{"line":30,"column":26},"end":{"line":39,"column":1}},"5":{"start":{"line":31,"column":4},"end":{"line":38,"column":5}},"6":{"start":{"line":32,"column":8},"end":{"line":37,"column":9}}},"fnMap":{"0":{"name":"(anonymous_0)","decl":{"start":{"line":4,"column":23},"end":{"line":4,"column":24}},"loc":{"start":{"line":4,"column":34},"end":{"line":23,"column":1}},"line":4},"1":{"name":"(anonymous_1)","decl":{"start":{"line":30,"column":26},"end":{"line":30,"column":27}},"loc":{"start":{"line":30,"column":46},"end":{"line":39,"column":1}},"line":30},"2":{"name":"(anonymous_2)","decl":{"start":{"line":31,"column":11},"end":{"line":31,"column":12}},"loc":{"start":{"line":31,"column":22},"end":{"line":38,"column":5}},"line":31}},"branchMap":{},"s":{"0":2,"1":1,"2":1,"3":1,"4":2,"5":2,"6":0},"f":{"0":1,"1":2,"2":0},"b":{},"_coverageSchema":"1a1c01bbd47fc00a2c39e90264f33305004495a9","hash":"8173918f5c5844cb287c4069170cba585e044964"}
,"D:\\Ajay\\namaste-react\\src\\components\\Shimmer.js": {"path":"D:\\Ajay\\namaste-react\\src\\components\\Shimmer.js","statementMap":{"0":{"start":{"line":1,"column":16},"end":{"line":22,"column":1}},"1":{"start":{"line":2,"column":4},"end":{"line":21,"column":5}}},"fnMap":{"0":{"name":"(anonymous_0)","decl":{"start":{"line":1,"column":16},"end":{"line":1,"column":17}},"loc":{"start":{"line":1,"column":22},"end":{"line":22,"column":1}},"line":1}},"branchMap":{},"s":{"0":1,"1":2},"f":{"0":2},"b":{},"_coverageSchema":"1a1c01bbd47fc00a2c39e90264f33305004495a9","hash":"0dbb3b547c7901127c9df89f86108c04a9222a45"}
,"D:\\Ajay\\namaste-react\\src\\components\\sum.js": {"path":"D:\\Ajay\\namaste-react\\src\\components\\sum.js","statementMap":{"0":{"start":{"line":1,"column":19},"end":{"line":3,"column":1}},"1":{"start":{"line":2,"column":4},"end":{"line":2,"column":17}}},"fnMap":{"0":{"name":"(anonymous_0)","decl":{"start":{"line":1,"column":19},"end":{"line":1,"column":20}},"loc":{"start":{"line":1,"column":27},"end":{"line":3,"column":1}},"line":1}},"branchMap":{},"s":{"0":1,"1":1},"f":{"0":1},"b":{},"_coverageSchema":"1a1c01bbd47fc00a2c39e90264f33305004495a9","hash":"00758cd4eb7b759e600f3c4ec29d5bac1b0ea848"}
,"D:\\Ajay\\namaste-react\\src\\utils\\UserContext.js": {"path":"D:\\Ajay\\namaste-react\\src\\utils\\UserContext.js","statementMap":{"0":{"start":{"line":4,"column":20},"end":{"line":6,"column":2}}},"fnMap":{},"branchMap":{},"s":{"0":1},"f":{},"b":{},"_coverageSchema":"1a1c01bbd47fc00a2c39e90264f33305004495a9","hash":"fa42f1ec39303b820ab1b7a7ffb83043f1b1d747"}
,"D:\\Ajay\\namaste-react\\src\\utils\\appStore.js": {"path":"D:\\Ajay\\namaste-react\\src\\utils\\appStore.js","statementMap":{"0":{"start":{"line":1,"column":27},"end":{"line":1,"column":54}},"1":{"start":{"line":5,"column":17},"end":{"line":9,"column":2}}},"fnMap":{},"branchMap":{},"s":{"0":1,"1":1},"f":{},"b":{},"_coverageSchema":"1a1c01bbd47fc00a2c39e90264f33305004495a9","hash":"48c52c82ed614f6f072e3ab026f78cc4982c82a4"}
,"D:\\Ajay\\namaste-react\\src\\utils\\cartSlice.js": {"path":"D:\\Ajay\\namaste-react\\src\\utils\\cartSlice.js","statementMap":{"0":{"start":{"line":4,"column":18},"end":{"line":33,"column":2}},"1":{"start":{"line":19,"column":10},"end":{"line":19,"column":43}},"2":{"start":{"line":22,"column":12},"end":{"line":22,"column":30}},"3":{"start":{"line":30,"column":12},"end":{"line":30,"column":31}},"4":{"start":{"line":35,"column":48},"end":{"line":35,"column":65}}},"fnMap":{"0":{"name":"(anonymous_0)","decl":{"start":{"line":10,"column":17},"end":{"line":10,"column":18}},"loc":{"start":{"line":10,"column":34},"end":{"line":20,"column":9}},"line":10},"1":{"name":"(anonymous_1)","decl":{"start":{"line":21,"column":20},"end":{"line":21,"column":21}},"loc":{"start":{"line":21,"column":29},"end":{"line":23,"column":9}},"line":21},"2":{"name":"(anonymous_2)","decl":{"start":{"line":24,"column":19},"end":{"line":24,"column":20}},"loc":{"start":{"line":24,"column":28},"end":{"line":31,"column":9}},"line":24}},"branchMap":{},"s":{"0":1,"1":0,"2":0,"3":0,"4":1},"f":{"0":0,"1":0,"2":0},"b":{},"_coverageSchema":"1a1c01bbd47fc00a2c39e90264f33305004495a9","hash":"1dbec75b70a47b016f631c513f5586cf6c4513ed"}
,"D:\\Ajay\\namaste-react\\src\\utils\\constant.js": {"path":"D:\\Ajay\\namaste-react\\src\\utils\\constant.js","statementMap":{"0":{"start":{"line":1,"column":23},"end":{"line":1,"column":106}},"1":{"start":{"line":3,"column":24},"end":{"line":3,"column":147}}},"fnMap":{},"branchMap":{},"s":{"0":2,"1":2},"f":{},"b":{},"_coverageSchema":"1a1c01bbd47fc00a2c39e90264f33305004495a9","hash":"77aff6000fb8ead0517023e400d734c1830e9ce0"}
,"D:\\Ajay\\namaste-react\\src\\utils\\useOnlineStatus.js": {"path":"D:\\Ajay\\namaste-react\\src\\utils\\useOnlineStatus.js","statementMap":{"0":{"start":{"line":4,"column":24},"end":{"line":19,"column":1}},"1":{"start":{"line":5,"column":44},"end":{"line":5,"column":58}},"2":{"start":{"line":7,"column":4},"end":{"line":15,"column":11}},"3":{"start":{"line":8,"column":8},"end":{"line":10,"column":11}},"4":{"start":{"line":9,"column":12},"end":{"line":9,"column":35}},"5":{"start":{"line":12,"column":8},"end":{"line":14,"column":10}},"6":{"start":{"line":13,"column":12},"end":{"line":13,"column":34}},"7":{"start":{"line":18,"column":4},"end":{"line":18,"column":24}}},"fnMap":{"0":{"name":"(anonymous_0)","decl":{"start":{"line":4,"column":24},"end":{"line":4,"column":25}},"loc":{"start":{"line":4,"column":30},"end":{"line":19,"column":1}},"line":4},"1":{"name":"(anonymous_1)","decl":{"start":{"line":7,"column":14},"end":{"line":7,"column":15}},"loc":{"start":{"line":7,"column":20},"end":{"line":15,"column":5}},"line":7},"2":{"name":"(anonymous_2)","decl":{"start":{"line":8,"column":43},"end":{"line":8,"column":44}},"loc":{"start":{"line":8,"column":49},"end":{"line":10,"column":9}},"line":8},"3":{"name":"(anonymous_3)","decl":{"start":{"line":12,"column":42},"end":{"line":12,"column":43}},"loc":{"start":{"line":12,"column":48},"end":{"line":14,"column":9}},"line":12}},"branchMap":{},"s":{"0":2,"1":7,"2":7,"3":6,"4":0,"5":6,"6":0,"7":7},"f":{"0":7,"1":6,"2":0,"3":0},"b":{},"_coverageSchema":"1a1c01bbd47fc00a2c39e90264f33305004495a9","hash":"a052e4f9645efcdb6713e55bb16b913fda58eb06"}
}
