{"/Users/ajaychaudhary/Documents/Ajay/namaste-react/src/components/Body.js": {"path":"/Users/ajaychaudhary/Documents/Ajay/namaste-react/src/components/Body.js","statementMap":{"0":{"start":{"line":9,"column":13},"end":{"line":119,"column":1}},"1":{"start":{"line":10,"column":52},"end":{"line":10,"column":64}},"2":{"start":{"line":11,"column":54},"end":{"line":11,"column":66}},"3":{"start":{"line":13,"column":38},"end":{"line":13,"column":50}},"4":{"start":{"line":15,"column":31},"end":{"line":15,"column":57}},"5":{"start":{"line":19,"column":2},"end":{"line":21,"column":9}},"6":{"start":{"line":20,"column":4},"end":{"line":20,"column":16}},"7":{"start":{"line":23,"column":20},"end":{"line":37,"column":3}},"8":{"start":{"line":24,"column":17},"end":{"line":26,"column":5}},"9":{"start":{"line":28,"column":17},"end":{"line":28,"column":34}},"10":{"start":{"line":31,"column":4},"end":{"line":33,"column":6}},"11":{"start":{"line":34,"column":4},"end":{"line":36,"column":6}},"12":{"start":{"line":39,"column":23},"end":{"line":39,"column":40}},"13":{"start":{"line":41,"column":2},"end":{"line":44,"column":6}},"14":{"start":{"line":42,"column":4},"end":{"line":44,"column":6}},"15":{"start":{"line":50,"column":2},"end":{"line":118,"column":4}},"16":{"start":{"line":62,"column":14},"end":{"line":62,"column":44}},"17":{"start":{"line":68,"column":41},"end":{"line":70,"column":15}},"18":{"start":{"line":69,"column":16},"end":{"line":69,"column":78}},"19":{"start":{"line":72,"column":14},"end":{"line":72,"column":56}},"20":{"start":{"line":82,"column":35},"end":{"line":84,"column":15}},"21":{"start":{"line":83,"column":25},"end":{"line":83,"column":49}},"22":{"start":{"line":86,"column":14},"end":{"line":86,"column":50}},"23":{"start":{"line":105,"column":10},"end":{"line":114,"column":17}}},"fnMap":{"0":{"name":"(anonymous_0)","decl":{"start":{"line":9,"column":13},"end":{"line":9,"column":14}},"loc":{"start":{"line":9,"column":19},"end":{"line":119,"column":1}},"line":9},"1":{"name":"(anonymous_1)","decl":{"start":{"line":19,"column":12},"end":{"line":19,"column":13}},"loc":{"start":{"line":19,"column":18},"end":{"line":21,"column":3}},"line":19},"2":{"name":"(anonymous_2)","decl":{"start":{"line":23,"column":20},"end":{"line":23,"column":21}},"loc":{"start":{"line":23,"column":32},"end":{"line":37,"column":3}},"line":23},"3":{"name":"(anonymous_3)","decl":{"start":{"line":61,"column":22},"end":{"line":61,"column":23}},"loc":{"start":{"line":61,"column":29},"end":{"line":63,"column":13}},"line":61},"4":{"name":"(anonymous_4)","decl":{"start":{"line":67,"column":21},"end":{"line":67,"column":22}},"loc":{"start":{"line":67,"column":27},"end":{"line":73,"column":13}},"line":67},"5":{"name":"(anonymous_5)","decl":{"start":{"line":68,"column":66},"end":{"line":68,"column":67}},"loc":{"start":{"line":69,"column":16},"end":{"line":69,"column":78}},"line":69},"6":{"name":"(anonymous_6)","decl":{"start":{"line":81,"column":21},"end":{"line":81,"column":22}},"loc":{"start":{"line":81,"column":27},"end":{"line":87,"column":13}},"line":81},"7":{"name":"(anonymous_7)","decl":{"start":{"line":83,"column":16},"end":{"line":83,"column":17}},"loc":{"start":{"line":83,"column":25},"end":{"line":83,"column":49}},"line":83},"8":{"name":"(anonymous_8)","decl":{"start":{"line":104,"column":32},"end":{"line":104,"column":33}},"loc":{"start":{"line":105,"column":10},"end":{"line":114,"column":17}},"line":105}},"branchMap":{"0":{"loc":{"start":{"line":41,"column":2},"end":{"line":44,"column":6}},"type":"if","locations":[{"start":{"line":41,"column":2},"end":{"line":44,"column":6}},{"start":{},"end":{}}],"line":41},"1":{"loc":{"start":{"line":50,"column":9},"end":{"line":118,"column":3}},"type":"cond-expr","locations":[{"start":{"line":51,"column":4},"end":{"line":51,"column":15}},{"start":{"line":53,"column":4},"end":{"line":117,"column":10}}],"line":50},"2":{"loc":{"start":{"line":109,"column":13},"end":{"line":113,"column":13}},"type":"cond-expr","locations":[{"start":{"line":110,"column":14},"end":{"line":110,"column":59}},{"start":{"line":112,"column":14},"end":{"line":112,"column":53}}],"line":109}},"s":{"0":1,"1":7,"2":7,"3":7,"4":7,"5":7,"6":2,"7":7,"8":2,"9":2,"10":2,"11":2,"12":7,"13":7,"14":0,"15":7,"16":1,"17":1,"18":20,"19":1,"20":1,"21":20,"22":1,"23":74},"f":{"0":7,"1":2,"2":2,"3":1,"4":1,"5":20,"6":1,"7":20,"8":74},"b":{"0":[0,7],"1":[2,5],"2":[16,58]},"_coverageSchema":"1a1c01bbd47fc00a2c39e90264f33305004495a9","hash":"c9c3db0ee6febd3efa0dd929f5593d3b89d004dd"}
,"/Users/ajaychaudhary/Documents/Ajay/namaste-react/src/components/Contact.js": {"path":"/Users/ajaychaudhary/Documents/Ajay/namaste-react/src/components/Contact.js","statementMap":{"0":{"start":{"line":1,"column":16},"end":{"line":22,"column":1}},"1":{"start":{"line":2,"column":4},"end":{"line":21,"column":5}}},"fnMap":{"0":{"name":"(anonymous_0)","decl":{"start":{"line":1,"column":16},"end":{"line":1,"column":17}},"loc":{"start":{"line":1,"column":22},"end":{"line":22,"column":1}},"line":1}},"branchMap":{},"s":{"0":1,"1":4},"f":{"0":4},"b":{},"_coverageSchema":"1a1c01bbd47fc00a2c39e90264f33305004495a9","hash":"3559fc2d75ebe633b168c9b807ff5fd2b54e2610"}
,"/Users/ajaychaudhary/Documents/Ajay/namaste-react/src/components/Header.js": {"path":"/Users/ajaychaudhary/Documents/Ajay/namaste-react/src/components/Header.js","statementMap":{"0":{"start":{"line":11,"column":15},"end":{"line":48,"column":1}},"1":{"start":{"line":12,"column":34},"end":{"line":12,"column":51}},"2":{"start":{"line":14,"column":25},"end":{"line":14,"column":42}},"3":{"start":{"line":16,"column":29},"end":{"line":16,"column":52}},"4":{"start":{"line":19,"column":22},"end":{"line":19,"column":62}},"5":{"start":{"line":19,"column":45},"end":{"line":19,"column":61}},"6":{"start":{"line":23,"column":4},"end":{"line":47,"column":5}},"7":{"start":{"line":38,"column":28},"end":{"line":40,"column":53}}},"fnMap":{"0":{"name":"(anonymous_0)","decl":{"start":{"line":11,"column":15},"end":{"line":11,"column":16}},"loc":{"start":{"line":11,"column":21},"end":{"line":48,"column":1}},"line":11},"1":{"name":"(anonymous_1)","decl":{"start":{"line":19,"column":34},"end":{"line":19,"column":35}},"loc":{"start":{"line":19,"column":45},"end":{"line":19,"column":61}},"line":19},"2":{"name":"(anonymous_2)","decl":{"start":{"line":37,"column":33},"end":{"line":37,"column":34}},"loc":{"start":{"line":37,"column":39},"end":{"line":41,"column":25}},"line":37}},"branchMap":{"0":{"loc":{"start":{"line":30,"column":57},"end":{"line":30,"column":82}},"type":"cond-expr","locations":[{"start":{"line":30,"column":72},"end":{"line":30,"column":75}},{"start":{"line":30,"column":78},"end":{"line":30,"column":82}}],"line":30},"1":{"loc":{"start":{"line":38,"column":28},"end":{"line":40,"column":53}},"type":"cond-expr","locations":[{"start":{"line":39,"column":34},"end":{"line":39,"column":54}},{"start":{"line":40,"column":34},"end":{"line":40,"column":53}}],"line":38}},"s":{"0":1,"1":5,"2":5,"3":5,"4":5,"5":9,"6":5,"7":1},"f":{"0":5,"1":9,"2":1},"b":{"0":[5,0],"1":[1,0]},"_coverageSchema":"1a1c01bbd47fc00a2c39e90264f33305004495a9","hash":"df60f6bc8e98b169c91dc5585f7679dd8d14fabd"}
,"/Users/ajaychaudhary/Documents/Ajay/namaste-react/src/components/RestaurantCard.js": {"path":"/Users/ajaychaudhary/Documents/Ajay/namaste-react/src/components/RestaurantCard.js","statementMap":{"0":{"start":{"line":4,"column":23},"end":{"line":23,"column":1}},"1":{"start":{"line":5,"column":24},"end":{"line":5,"column":29}},"2":{"start":{"line":7,"column":59},"end":{"line":7,"column":72}},"3":{"start":{"line":8,"column":4},"end":{"line":22,"column":5}},"4":{"start":{"line":30,"column":26},"end":{"line":39,"column":1}},"5":{"start":{"line":31,"column":4},"end":{"line":38,"column":5}},"6":{"start":{"line":32,"column":8},"end":{"line":37,"column":9}}},"fnMap":{"0":{"name":"(anonymous_0)","decl":{"start":{"line":4,"column":23},"end":{"line":4,"column":24}},"loc":{"start":{"line":4,"column":34},"end":{"line":23,"column":1}},"line":4},"1":{"name":"(anonymous_1)","decl":{"start":{"line":30,"column":26},"end":{"line":30,"column":27}},"loc":{"start":{"line":30,"column":46},"end":{"line":39,"column":1}},"line":30},"2":{"name":"(anonymous_2)","decl":{"start":{"line":31,"column":11},"end":{"line":31,"column":12}},"loc":{"start":{"line":31,"column":22},"end":{"line":38,"column":5}},"line":31}},"branchMap":{},"s":{"0":2,"1":75,"2":75,"3":75,"4":2,"5":7,"6":16},"f":{"0":75,"1":7,"2":16},"b":{},"_coverageSchema":"1a1c01bbd47fc00a2c39e90264f33305004495a9","hash":"df62d19124f5b280fbf962302b03b62745526a97"}
,"/Users/ajaychaudhary/Documents/Ajay/namaste-react/src/components/Shimmer.js": {"path":"/Users/ajaychaudhary/Documents/Ajay/namaste-react/src/components/Shimmer.js","statementMap":{"0":{"start":{"line":1,"column":16},"end":{"line":22,"column":1}},"1":{"start":{"line":2,"column":4},"end":{"line":21,"column":5}}},"fnMap":{"0":{"name":"(anonymous_0)","decl":{"start":{"line":1,"column":16},"end":{"line":1,"column":17}},"loc":{"start":{"line":1,"column":22},"end":{"line":22,"column":1}},"line":1}},"branchMap":{},"s":{"0":1,"1":2},"f":{"0":2},"b":{},"_coverageSchema":"1a1c01bbd47fc00a2c39e90264f33305004495a9","hash":"3d8e142c0f0891b222270138816058dc18f08326"}
,"/Users/ajaychaudhary/Documents/Ajay/namaste-react/src/components/sum.js": {"path":"/Users/ajaychaudhary/Documents/Ajay/namaste-react/src/components/sum.js","statementMap":{"0":{"start":{"line":1,"column":19},"end":{"line":3,"column":1}},"1":{"start":{"line":2,"column":4},"end":{"line":2,"column":17}}},"fnMap":{"0":{"name":"(anonymous_0)","decl":{"start":{"line":1,"column":19},"end":{"line":1,"column":20}},"loc":{"start":{"line":1,"column":27},"end":{"line":3,"column":1}},"line":1}},"branchMap":{},"s":{"0":1,"1":1},"f":{"0":1},"b":{},"_coverageSchema":"1a1c01bbd47fc00a2c39e90264f33305004495a9","hash":"b61d20bb7e90101bc5816b74e8d0546bd2de26f6"}
,"/Users/ajaychaudhary/Documents/Ajay/namaste-react/src/utils/UserContext.js": {"path":"/Users/ajaychaudhary/Documents/Ajay/namaste-react/src/utils/UserContext.js","statementMap":{"0":{"start":{"line":4,"column":20},"end":{"line":6,"column":2}}},"fnMap":{},"branchMap":{},"s":{"0":1},"f":{},"b":{},"_coverageSchema":"1a1c01bbd47fc00a2c39e90264f33305004495a9","hash":"a91f9a5eee0bcc353a274c7ecb05dcf6256b2acf"}
,"/Users/ajaychaudhary/Documents/Ajay/namaste-react/src/utils/appStore.js": {"path":"/Users/ajaychaudhary/Documents/Ajay/namaste-react/src/utils/appStore.js","statementMap":{"0":{"start":{"line":1,"column":27},"end":{"line":1,"column":54}},"1":{"start":{"line":5,"column":17},"end":{"line":9,"column":2}}},"fnMap":{},"branchMap":{},"s":{"0":1,"1":1},"f":{},"b":{},"_coverageSchema":"1a1c01bbd47fc00a2c39e90264f33305004495a9","hash":"4195747d245016da8200326a8d1d23184553c050"}
,"/Users/ajaychaudhary/Documents/Ajay/namaste-react/src/utils/cartSlice.js": {"path":"/Users/ajaychaudhary/Documents/Ajay/namaste-react/src/utils/cartSlice.js","statementMap":{"0":{"start":{"line":4,"column":18},"end":{"line":33,"column":2}},"1":{"start":{"line":19,"column":10},"end":{"line":19,"column":43}},"2":{"start":{"line":22,"column":12},"end":{"line":22,"column":30}},"3":{"start":{"line":30,"column":12},"end":{"line":30,"column":31}},"4":{"start":{"line":35,"column":48},"end":{"line":35,"column":65}}},"fnMap":{"0":{"name":"(anonymous_0)","decl":{"start":{"line":10,"column":17},"end":{"line":10,"column":18}},"loc":{"start":{"line":10,"column":34},"end":{"line":20,"column":9}},"line":10},"1":{"name":"(anonymous_1)","decl":{"start":{"line":21,"column":20},"end":{"line":21,"column":21}},"loc":{"start":{"line":21,"column":29},"end":{"line":23,"column":9}},"line":21},"2":{"name":"(anonymous_2)","decl":{"start":{"line":24,"column":19},"end":{"line":24,"column":20}},"loc":{"start":{"line":24,"column":28},"end":{"line":31,"column":9}},"line":24}},"branchMap":{},"s":{"0":1,"1":0,"2":0,"3":0,"4":1},"f":{"0":0,"1":0,"2":0},"b":{},"_coverageSchema":"1a1c01bbd47fc00a2c39e90264f33305004495a9","hash":"873e95cd6e4b2e08d1875d7a1d19a0d5083a4ced"}
,"/Users/ajaychaudhary/Documents/Ajay/namaste-react/src/utils/constant.js": {"path":"/Users/ajaychaudhary/Documents/Ajay/namaste-react/src/utils/constant.js","statementMap":{"0":{"start":{"line":1,"column":23},"end":{"line":1,"column":106}},"1":{"start":{"line":3,"column":24},"end":{"line":3,"column":147}}},"fnMap":{},"branchMap":{},"s":{"0":2,"1":2},"f":{},"b":{},"_coverageSchema":"1a1c01bbd47fc00a2c39e90264f33305004495a9","hash":"a01714665a60866d08cf9bbf4e636340018385c7"}
,"/Users/ajaychaudhary/Documents/Ajay/namaste-react/src/utils/useOnlineStatus.js": {"path":"/Users/ajaychaudhary/Documents/Ajay/namaste-react/src/utils/useOnlineStatus.js","statementMap":{"0":{"start":{"line":4,"column":24},"end":{"line":19,"column":1}},"1":{"start":{"line":5,"column":44},"end":{"line":5,"column":58}},"2":{"start":{"line":7,"column":4},"end":{"line":15,"column":11}},"3":{"start":{"line":8,"column":8},"end":{"line":10,"column":11}},"4":{"start":{"line":9,"column":12},"end":{"line":9,"column":35}},"5":{"start":{"line":12,"column":8},"end":{"line":14,"column":10}},"6":{"start":{"line":13,"column":12},"end":{"line":13,"column":34}},"7":{"start":{"line":18,"column":4},"end":{"line":18,"column":24}}},"fnMap":{"0":{"name":"(anonymous_0)","decl":{"start":{"line":4,"column":24},"end":{"line":4,"column":25}},"loc":{"start":{"line":4,"column":30},"end":{"line":19,"column":1}},"line":4},"1":{"name":"(anonymous_1)","decl":{"start":{"line":7,"column":14},"end":{"line":7,"column":15}},"loc":{"start":{"line":7,"column":20},"end":{"line":15,"column":5}},"line":7},"2":{"name":"(anonymous_2)","decl":{"start":{"line":8,"column":43},"end":{"line":8,"column":44}},"loc":{"start":{"line":8,"column":49},"end":{"line":10,"column":9}},"line":8},"3":{"name":"(anonymous_3)","decl":{"start":{"line":12,"column":42},"end":{"line":12,"column":43}},"loc":{"start":{"line":12,"column":48},"end":{"line":14,"column":9}},"line":12}},"branchMap":{},"s":{"0":2,"1":12,"2":12,"3":6,"4":0,"5":6,"6":0,"7":12},"f":{"0":12,"1":6,"2":0,"3":0},"b":{},"_coverageSchema":"1a1c01bbd47fc00a2c39e90264f33305004495a9","hash":"6d611e8570bb9f0a521803a36b7680cabec89562"}
}
