TN:
SF:src/components/Body.js
FN:9,(anonymous_0)
FN:19,(anonymous_1)
FN:23,(anonymous_2)
FN:61,(anonymous_3)
FN:67,(anonymous_4)
FN:68,(anonymous_5)
FN:81,(anonymous_6)
FN:83,(anonymous_7)
FN:104,(anonymous_8)
FNF:9
FNH:9
FNDA:7,(anonymous_0)
FNDA:2,(anonymous_1)
FNDA:2,(anonymous_2)
FNDA:1,(anonymous_3)
FNDA:1,(anonymous_4)
FNDA:20,(anonymous_5)
FNDA:1,(anonymous_6)
FNDA:20,(anonymous_7)
FNDA:74,(anonymous_8)
DA:9,1
DA:10,7
DA:11,7
DA:13,7
DA:15,7
DA:19,7
DA:20,2
DA:23,7
DA:24,2
DA:28,2
DA:31,2
DA:34,2
DA:39,7
DA:41,7
DA:42,0
DA:50,7
DA:62,1
DA:68,1
DA:69,20
DA:72,1
DA:82,1
DA:83,20
DA:86,1
DA:105,74
LF:24
LH:23
BRDA:41,0,0,0
BRDA:41,0,1,7
BRDA:50,1,0,2
BRDA:50,1,1,5
BRDA:109,2,0,16
BRDA:109,2,1,58
BRF:6
BRH:5
end_of_record
TN:
SF:src/components/Contact.js
FN:1,(anonymous_0)
FNF:1
FNH:1
FNDA:4,(anonymous_0)
DA:1,1
DA:2,4
LF:2
LH:2
BRF:0
BRH:0
end_of_record
TN:
SF:src/components/Header.js
FN:11,(anonymous_0)
FN:19,(anonymous_1)
FN:37,(anonymous_2)
FNF:3
FNH:3
FNDA:5,(anonymous_0)
FNDA:9,(anonymous_1)
FNDA:1,(anonymous_2)
DA:11,1
DA:12,5
DA:14,5
DA:16,5
DA:19,9
DA:23,5
DA:38,1
LF:7
LH:7
BRDA:30,0,0,5
BRDA:30,0,1,0
BRDA:38,1,0,1
BRDA:38,1,1,0
BRF:4
BRH:2
end_of_record
TN:
SF:src/components/RestaurantCard.js
FN:4,(anonymous_0)
FN:30,(anonymous_1)
FN:31,(anonymous_2)
FNF:3
FNH:3
FNDA:75,(anonymous_0)
FNDA:7,(anonymous_1)
FNDA:16,(anonymous_2)
DA:4,2
DA:5,75
DA:7,75
DA:8,75
DA:30,2
DA:31,7
DA:32,16
LF:7
LH:7
BRF:0
BRH:0
end_of_record
TN:
SF:src/components/Shimmer.js
FN:1,(anonymous_0)
FNF:1
FNH:1
FNDA:2,(anonymous_0)
DA:1,1
DA:2,2
LF:2
LH:2
BRF:0
BRH:0
end_of_record
TN:
SF:src/components/sum.js
FN:1,(anonymous_0)
FNF:1
FNH:1
FNDA:1,(anonymous_0)
DA:1,1
DA:2,1
LF:2
LH:2
BRF:0
BRH:0
end_of_record
TN:
SF:src/utils/UserContext.js
FNF:0
FNH:0
DA:4,1
LF:1
LH:1
BRF:0
BRH:0
end_of_record
TN:
SF:src/utils/appStore.js
FNF:0
FNH:0
DA:1,1
DA:5,1
LF:2
LH:2
BRF:0
BRH:0
end_of_record
TN:
SF:src/utils/cartSlice.js
FN:10,(anonymous_0)
FN:21,(anonymous_1)
FN:24,(anonymous_2)
FNF:3
FNH:0
FNDA:0,(anonymous_0)
FNDA:0,(anonymous_1)
FNDA:0,(anonymous_2)
DA:4,1
DA:19,0
DA:22,0
DA:30,0
DA:35,1
LF:5
LH:2
BRF:0
BRH:0
end_of_record
TN:
SF:src/utils/constant.js
FNF:0
FNH:0
DA:1,2
DA:3,2
LF:2
LH:2
BRF:0
BRH:0
end_of_record
TN:
SF:src/utils/useOnlineStatus.js
FN:4,(anonymous_0)
FN:7,(anonymous_1)
FN:8,(anonymous_2)
FN:12,(anonymous_3)
FNF:4
FNH:2
FNDA:12,(anonymous_0)
FNDA:6,(anonymous_1)
FNDA:0,(anonymous_2)
FNDA:0,(anonymous_3)
DA:4,2
DA:5,12
DA:7,12
DA:8,6
DA:9,0
DA:12,6
DA:13,0
DA:18,12
LF:8
LH:6
BRF:0
BRH:0
end_of_record
